<?xml version="1.0" encoding="UTF-8"?>
<testsuite name="TriangleTest" tests="8" skipped="0" failures="0" errors="0" timestamp="2016-04-25T23:14:30" hostname="epicodus-117.local" time="0.001">
  <properties/>
  <testcase name="newTriangle_instantiatesCorrectly" classname="TriangleTest" time="0.0"/>
  <testcase name="newTriangle_isIsosceles_true" classname="TriangleTest" time="0.0"/>
  <testcase name="newTriangle_isATriangle_false" classname="TriangleTest" time="0.0"/>
  <testcase name="newTriangle_isEquilateral_true" classname="TriangleTest" time="0.0"/>
  <testcase name="newTriangle_getsTriangleSide1_4" classname="TriangleTest" time="0.0"/>
  <testcase name="newTriangle_getsTriangleSide1_5" classname="TriangleTest" time="0.0"/>
  <testcase name="newTriangle_getsTriangleSide1_7" classname="TriangleTest" time="0.0"/>
  <testcase name="newTriangle_isScalene_true" classname="TriangleTest" time="0.0"/>
  <system-out><![CDATA[]]></system-out>
  <system-err><![CDATA[]]></system-err>
</testsuite>
